0 info it worked if it ends with ok
1 verbose cli [ '/usr/local/bin/node', '/usr/local/bin/npm', 'run', 'create' ]
2 info using npm@3.10.10
3 info using node@v6.11.0
4 verbose run-script [ 'precreate', 'create', 'postcreate' ]
5 info lifecycle new_harvest@1.0.0~precreate: new_harvest@1.0.0
6 silly lifecycle new_harvest@1.0.0~precreate: no script for precreate, continuing
7 info lifecycle new_harvest@1.0.0~create: new_harvest@1.0.0
8 verbose lifecycle new_harvest@1.0.0~create: unsafe-perm in lifecycle true
9 verbose lifecycle new_harvest@1.0.0~create: PATH: /usr/local/lib/node_modules/npm/bin/node-gyp-bin:/Users/apple/Code/new_harvest/node_modules/.bin:/usr/local/bin:/usr/bin:/bin:/usr/sbin:/sbin
10 verbose lifecycle new_harvest@1.0.0~create: CWD: /Users/apple/Code/new_harvest
11 silly lifecycle new_harvest@1.0.0~create: Args: [ '-c', 'webpack' ]
12 silly lifecycle new_harvest@1.0.0~create: Returned: code: 2  signal: null
13 info lifecycle new_harvest@1.0.0~create: Failed to exec create script
14 verbose stack Error: new_harvest@1.0.0 create: `webpack`
14 verbose stack Exit status 2
14 verbose stack     at EventEmitter.<anonymous> (/usr/local/lib/node_modules/npm/lib/utils/lifecycle.js:255:16)
14 verbose stack     at emitTwo (events.js:106:13)
14 verbose stack     at EventEmitter.emit (events.js:191:7)
14 verbose stack     at ChildProcess.<anonymous> (/usr/local/lib/node_modules/npm/lib/utils/spawn.js:40:14)
14 verbose stack     at emitTwo (events.js:106:13)
14 verbose stack     at ChildProcess.emit (events.js:191:7)
14 verbose stack     at maybeClose (internal/child_process.js:891:16)
14 verbose stack     at Process.ChildProcess._handle.onexit (internal/child_process.js:226:5)
15 verbose pkgid new_harvest@1.0.0
16 verbose cwd /Users/apple/Code/new_harvest
17 error Darwin 15.6.0
18 error argv "/usr/local/bin/node" "/usr/local/bin/npm" "run" "create"
19 error node v6.11.0
20 error npm  v3.10.10
21 error code ELIFECYCLE
22 error new_harvest@1.0.0 create: `webpack`
22 error Exit status 2
23 error Failed at the new_harvest@1.0.0 create script 'webpack'.
23 error Make sure you have the latest version of node.js and npm installed.
23 error If you do, this is most likely a problem with the new_harvest package,
23 error not with npm itself.
23 error Tell the author that this fails on your system:
23 error     webpack
23 error You can get information on how to open an issue for this project with:
23 error     npm bugs new_harvest
23 error Or if that isn't available, you can get their info via:
23 error     npm owner ls new_harvest
23 error There is likely additional logging output above.
24 verbose exit [ 1, true ]
